<?xml version="1.0" encoding="UTF-8"?>
<!-- Generated by org.testng.reporters.JUnitXMLReporter -->
<testsuite hostname="AnnaThan-Plus65-MBP-23.local" ignored="0" name="test" tests="1" failures="1" timestamp="28 Mar 2018 03:35:11 GMT" time="4.005" errors="0">
  <testcase name="checkUserAccountStatus" time="0.086" classname="Cirro.Test.MemberTestSuit">
    <failure type="junit.framework.AssertionFailedError" message="expected:&amp;lt;true&amp;gt; but was:&amp;lt;false&amp;gt;">
      <![CDATA[junit.framework.AssertionFailedError: expected:<true> but was:<false>
	at junit.framework.Assert.fail(Assert.java:47)
	at junit.framework.Assert.failNotEquals(Assert.java:282)
	at junit.framework.Assert.assertEquals(Assert.java:64)
	at junit.framework.Assert.assertEquals(Assert.java:149)
	at junit.framework.Assert.assertEquals(Assert.java:155)
	at Cirro.Test.MemberTestSuit.checkUserAccountStatus(MemberTestSuit.java:70)
... Removed 25 stack frames]]>
    </failure>
  </testcase> <!-- checkUserAccountStatus -->
</testsuite> <!-- test -->
