<?xml version="1.0" encoding="UTF-8"?>
<!-- Generated by org.testng.reporters.JUnitXMLReporter -->
<testsuite hostname="AnnaThan-Plus65-MBP-23.local" ignored="0" name="Admintest" tests="10" failures="0" timestamp="28 Mar 2018 07:39:27 GMT" time="53.338" errors="0">
  <testcase name="checkMyWalletMenu" time="0.389" classname="Cirro.Test.AdminTestSuit"/>
  <testcase name="checkUserAccountStatus" time="0.015" classname="Cirro.Test.AdminTestSuit"/>
  <testcase name="goToClientManagement" time="0.356" classname="Cirro.Test.AdminTestSuit"/>
  <testcase name="goToMyAccount" time="0.455" classname="Cirro.Test.AdminTestSuit"/>
  <testcase name="goToNetworks" time="0.41" classname="Cirro.Test.AdminTestSuit"/>
  <testcase name="goToPlanManagement" time="0.43" classname="Cirro.Test.AdminTestSuit"/>
  <testcase name="goToReport" time="0.338" classname="Cirro.Test.AdminTestSuit"/>
  <testcase name="goToSupportTicket" time="0.347" classname="Cirro.Test.AdminTestSuit"/>
  <testcase name="goToSystemConfig" time="0.369" classname="Cirro.Test.AdminTestSuit"/>
  <testcase name="goToWalletManagement" time="0.48" classname="Cirro.Test.AdminTestSuit"/>
</testsuite> <!-- Admintest -->
